\BOOKMARK [1][-]{section.1}{Introduction}{}% 1
\BOOKMARK [2][-]{subsection.1.1}{Purpose}{section.1}% 2
\BOOKMARK [2][-]{subsection.1.2}{Scope}{section.1}% 3
\BOOKMARK [2][-]{subsection.1.3}{Definitions, Acronyms, and Abbreviations}{section.1}% 4
\BOOKMARK [2][-]{subsection.1.4}{References}{section.1}% 5
\BOOKMARK [2][-]{subsection.1.5}{Overview}{section.1}% 6
\BOOKMARK [1][-]{section.2}{Overall Description}{}% 7
\BOOKMARK [2][-]{subsection.2.1}{Product Perspective}{section.2}% 8
\BOOKMARK [2][-]{subsection.2.2}{Product Functions}{section.2}% 9
\BOOKMARK [2][-]{subsection.2.3}{User Characteristics}{section.2}% 10
\BOOKMARK [2][-]{subsection.2.4}{Constraints}{section.2}% 11
\BOOKMARK [2][-]{subsection.2.5}{Assumptions and Dependencies}{section.2}% 12
\BOOKMARK [2][-]{subsection.2.6}{Apportioning of Requirements}{section.2}% 13
\BOOKMARK [1][-]{section.3}{Functional Requirements}{}% 14
\BOOKMARK [1][-]{section.4}{Non-Functional Requirements}{}% 15
\BOOKMARK [2][-]{subsection.4.1}{Look and Feel Requirements}{section.4}% 16
\BOOKMARK [3][-]{subsubsection.4.1.1}{Appearance Requirements}{subsection.4.1}% 17
\BOOKMARK [3][-]{subsubsection.4.1.2}{Style Requirements}{subsection.4.1}% 18
\BOOKMARK [2][-]{subsection.4.2}{Usability and Humanity Requirements}{section.4}% 19
\BOOKMARK [3][-]{subsubsection.4.2.1}{Ease of Use Requirements}{subsection.4.2}% 20
\BOOKMARK [3][-]{subsubsection.4.2.2}{Personalization and Internationalization Requirements}{subsection.4.2}% 21
\BOOKMARK [3][-]{subsubsection.4.2.3}{Learning Requirements}{subsection.4.2}% 22
\BOOKMARK [3][-]{subsubsection.4.2.4}{Understandability and Politeness Requirements}{subsection.4.2}% 23
\BOOKMARK [3][-]{subsubsection.4.2.5}{Accessibility Requirements}{subsection.4.2}% 24
\BOOKMARK [2][-]{subsection.4.3}{Performance Requirements}{section.4}% 25
\BOOKMARK [3][-]{subsubsection.4.3.1}{Speed and Latency Requirements}{subsection.4.3}% 26
\BOOKMARK [3][-]{subsubsection.4.3.2}{Safety-Critical Requirements}{subsection.4.3}% 27
\BOOKMARK [3][-]{subsubsection.4.3.3}{Precision or Accuracy Requirements}{subsection.4.3}% 28
\BOOKMARK [3][-]{subsubsection.4.3.4}{Reliability and Availability Requirements}{subsection.4.3}% 29
\BOOKMARK [3][-]{subsubsection.4.3.5}{Robustness or Fault-Tolerance Requirements}{subsection.4.3}% 30
\BOOKMARK [3][-]{subsubsection.4.3.6}{Capacity Requirements}{subsection.4.3}% 31
\BOOKMARK [3][-]{subsubsection.4.3.7}{Scalability or Extensibility Requirements}{subsection.4.3}% 32
\BOOKMARK [3][-]{subsubsection.4.3.8}{Longevity Requirements}{subsection.4.3}% 33
\BOOKMARK [2][-]{subsection.4.4}{Operational and Environmental Requirements}{section.4}% 34
\BOOKMARK [3][-]{subsubsection.4.4.1}{Expected Physical Environment}{subsection.4.4}% 35
\BOOKMARK [3][-]{subsubsection.4.4.2}{Requirements for Interfacing with Adjacent Systems}{subsection.4.4}% 36
\BOOKMARK [3][-]{subsubsection.4.4.3}{Productization Requirements}{subsection.4.4}% 37
\BOOKMARK [3][-]{subsubsection.4.4.4}{Release Requirements}{subsection.4.4}% 38
\BOOKMARK [2][-]{subsection.4.5}{Maintainability and Support Requirements}{section.4}% 39
\BOOKMARK [3][-]{subsubsection.4.5.1}{Maintenance Requirements}{subsection.4.5}% 40
\BOOKMARK [3][-]{subsubsection.4.5.2}{Supportability Requirements}{subsection.4.5}% 41
\BOOKMARK [3][-]{subsubsection.4.5.3}{Adaptability Requirements}{subsection.4.5}% 42
\BOOKMARK [2][-]{subsection.4.6}{Security Requirements}{section.4}% 43
\BOOKMARK [3][-]{subsubsection.4.6.1}{Access Requirements}{subsection.4.6}% 44
\BOOKMARK [3][-]{subsubsection.4.6.2}{Integrity Requirements}{subsection.4.6}% 45
\BOOKMARK [3][-]{subsubsection.4.6.3}{Privacy Requirements}{subsection.4.6}% 46
\BOOKMARK [3][-]{subsubsection.4.6.4}{Audit Requirements}{subsection.4.6}% 47
\BOOKMARK [3][-]{subsubsection.4.6.5}{Immunity Requirements}{subsection.4.6}% 48
\BOOKMARK [2][-]{subsection.4.7}{Cultural and Political Requirements}{section.4}% 49
\BOOKMARK [3][-]{subsubsection.4.7.1}{Cultural Requirements}{subsection.4.7}% 50
\BOOKMARK [3][-]{subsubsection.4.7.2}{Political Requirements}{subsection.4.7}% 51
\BOOKMARK 